::ffff:127.0.0.1 - - [26/Oct/2021:10:50:32 +0000] "GET /users HTTP/1.1" 200 36 "-" "vscode-restclient"
::ffff:127.0.0.1 - - [26/Oct/2021:11:12:29 +0000] "GET /users HTTP/1.1" 200 36 "-" "vscode-restclient"
::ffff:127.0.0.1 - - [26/Oct/2021:11:14:46 +0000] "GET /users/login HTTP/1.1" 400 54 "-" "vscode-restclient"
::ffff:127.0.0.1 - - [26/Oct/2021:11:15:51 +0000] "POST /users/login HTTP/1.1" 500 173 "-" "vscode-restclient"
::ffff:127.0.0.1 - - [26/Oct/2021:11:16:02 +0000] "POST /users/login HTTP/1.1" 500 173 "-" "vscode-restclient"
::ffff:127.0.0.1 - - [26/Oct/2021:11:16:07 +0000] "POST /users/login HTTP/1.1" 500 173 "-" "vscode-restclient"
::ffff:127.0.0.1 - - [26/Oct/2021:11:18:42 +0000] "POST /users/login HTTP/1.1" 200 145 "-" "vscode-restclient"
::ffff:127.0.0.1 - - [26/Oct/2021:11:27:15 +0000] "POST /users/login HTTP/1.1" 200 145 "-" "vscode-restclient"
::ffff:127.0.0.1 - - [26/Oct/2021:11:32:56 +0000] "POST /users/login HTTP/1.1" 200 115 "-" "vscode-restclient"
::ffff:127.0.0.1 - - [26/Oct/2021:11:33:28 +0000] "POST /users/login HTTP/1.1" 200 115 "-" "vscode-restclient"
::ffff:127.0.0.1 - - [26/Oct/2021:11:33:35 +0000] "POST /users/login HTTP/1.1" 200 115 "-" "vscode-restclient"
::ffff:127.0.0.1 - - [26/Oct/2021:11:33:47 +0000] "POST /users/login HTTP/1.1" 200 260 "-" "vscode-restclient"
::ffff:127.0.0.1 - - [26/Oct/2021:11:34:09 +0000] "POST /users/login HTTP/1.1" 200 260 "-" "vscode-restclient"
::ffff:127.0.0.1 - - [26/Oct/2021:11:34:24 +0000] "POST /users/login HTTP/1.1" 500 52 "-" "vscode-restclient"
::ffff:127.0.0.1 - - [26/Oct/2021:11:35:39 +0000] "POST /users/login HTTP/1.1" 500 52 "-" "vscode-restclient"
::ffff:127.0.0.1 - - [26/Oct/2021:11:35:42 +0000] "POST /users/login HTTP/1.1" 200 260 "-" "vscode-restclient"
::ffff:127.0.0.1 - - [26/Oct/2021:11:36:01 +0000] "POST /users/login HTTP/1.1" 200 260 "-" "vscode-restclient"
::ffff:127.0.0.1 - - [26/Oct/2021:11:36:04 +0000] "POST /users/login HTTP/1.1" 200 260 "-" "vscode-restclient"
::ffff:127.0.0.1 - - [26/Oct/2021:11:36:06 +0000] "POST /users/login HTTP/1.1" 200 260 "-" "vscode-restclient"
::ffff:127.0.0.1 - - [26/Oct/2021:11:36:23 +0000] "POST /users/login HTTP/1.1" 200 283 "-" "vscode-restclient"
::ffff:127.0.0.1 - - [26/Oct/2021:11:44:51 +0000] "POST /users/login HTTP/1.1" 200 283 "-" "vscode-restclient"
::ffff:127.0.0.1 - - [26/Oct/2021:11:50:08 +0000] "POST /users/login HTTP/1.1" 200 283 "-" "vscode-restclient"
::ffff:127.0.0.1 - - [26/Oct/2021:11:50:38 +0000] "POST /users/register HTTP/1.1" 500 56 "-" "vscode-restclient"
::ffff:127.0.0.1 - - [26/Oct/2021:11:50:44 +0000] "POST /users/register HTTP/1.1" 500 31 "-" "vscode-restclient"
::ffff:127.0.0.1 - - [26/Oct/2021:11:51:33 +0000] "POST /users/register HTTP/1.1" 500 56 "-" "vscode-restclient"
::ffff:127.0.0.1 - - [26/Oct/2021:11:51:38 +0000] "POST /users/register HTTP/1.1" 200 289 "-" "vscode-restclient"
::ffff:127.0.0.1 - - [26/Oct/2021:12:08:34 +0000] "POST /users/login HTTP/1.1" 200 283 "-" "vscode-restclient"
::ffff:127.0.0.1 - - [26/Oct/2021:12:08:36 +0000] "POST /users/login HTTP/1.1" 200 283 "-" "vscode-restclient"
::ffff:127.0.0.1 - - [26/Oct/2021:12:08:37 +0000] "POST /users/login HTTP/1.1" 200 283 "-" "vscode-restclient"
::ffff:127.0.0.1 - - [26/Oct/2021:12:09:29 +0000] "POST /users/login HTTP/1.1" 200 298 "-" "vscode-restclient"
::1 - - [30/Oct/2021:08:51:04 +0000] "GET /login HTTP/1.1" 200 15 "-" "PostmanRuntime/7.28.4"
::1 - - [30/Oct/2021:08:51:09 +0000] "GET /users/login HTTP/1.1" 200 15 "-" "PostmanRuntime/7.28.4"
::1 - - [30/Oct/2021:08:51:15 +0000] "GET /user/login HTTP/1.1" 200 15 "-" "PostmanRuntime/7.28.4"
::1 - - [30/Oct/2021:08:51:23 +0000] "POST /users/login HTTP/1.1" 200 298 "-" "PostmanRuntime/7.28.4"
::1 - - [30/Oct/2021:08:51:37 +0000] "POST /users/login HTTP/1.1" 500 52 "-" "PostmanRuntime/7.28.4"
::1 - - [30/Oct/2021:08:51:40 +0000] "POST /users/login HTTP/1.1" 500 52 "-" "PostmanRuntime/7.28.4"
::1 - - [30/Oct/2021:08:51:45 +0000] "POST /users/login HTTP/1.1" 200 297 "-" "PostmanRuntime/7.28.4"
::1 - - [30/Oct/2021:08:53:25 +0000] "POST /users/update HTTP/1.1" 200 30 "-" "PostmanRuntime/7.28.4"
::1 - - [02/Nov/2021:07:15:59 +0000] "POST /users/list?search=admin HTTP/1.1" 200 15 "-" "PostmanRuntime/7.28.4"
::1 - - [02/Nov/2021:07:16:40 +0000] "GET /users/list?search=admin HTTP/1.1" - - "-" "PostmanRuntime/7.28.4"
::1 - - [02/Nov/2021:07:17:30 +0000] "GET /users/list?search=admin HTTP/1.1" 200 28 "-" "PostmanRuntime/7.28.4"
::1 - - [02/Nov/2021:07:17:35 +0000] "GET /users/list?search= HTTP/1.1" 200 28 "-" "PostmanRuntime/7.28.4"
::1 - - [02/Nov/2021:07:17:36 +0000] "GET /users/list?search= HTTP/1.1" 200 28 "-" "PostmanRuntime/7.28.4"
::1 - - [02/Nov/2021:07:18:14 +0000] "GET /users/list?search= HTTP/1.1" 200 28 "-" "PostmanRuntime/7.28.4"
::1 - - [02/Nov/2021:07:18:27 +0000] "GET /users/list?search= HTTP/1.1" 200 28 "-" "PostmanRuntime/7.28.4"
::1 - - [02/Nov/2021:07:18:54 +0000] "GET /users/list?search= HTTP/1.1" 200 347 "-" "PostmanRuntime/7.28.4"
::1 - - [02/Nov/2021:07:19:30 +0000] "GET /users/list?search= HTTP/1.1" 200 28 "-" "PostmanRuntime/7.28.4"
::1 - - [02/Nov/2021:07:22:14 +0000] "GET /users/list?search=admin HTTP/1.1" 500 371 "-" "PostmanRuntime/7.28.4"
::1 - - [02/Nov/2021:07:22:25 +0000] "GET /users/list?search=admin HTTP/1.1" 200 179 "-" "PostmanRuntime/7.28.4"
::1 - - [02/Nov/2021:07:22:31 +0000] "GET /users/list?search=a HTTP/1.1" 200 28 "-" "PostmanRuntime/7.28.4"
::1 - - [02/Nov/2021:07:23:00 +0000] "GET /users/list?search=a HTTP/1.1" 500 365 "-" "PostmanRuntime/7.28.4"
::1 - - [02/Nov/2021:07:23:47 +0000] "GET /users/list?search=a HTTP/1.1" 200 347 "-" "PostmanRuntime/7.28.4"
::1 - - [02/Nov/2021:07:23:53 +0000] "GET /users/list?search= HTTP/1.1" 200 347 "-" "PostmanRuntime/7.28.4"
::1 - - [02/Nov/2021:07:23:55 +0000] "GET /users/list?search= HTTP/1.1" 200 347 "-" "PostmanRuntime/7.28.4"
::1 - - [02/Nov/2021:07:24:03 +0000] "GET /users/list HTTP/1.1" 200 28 "-" "PostmanRuntime/7.28.4"
::1 - - [02/Nov/2021:07:24:26 +0000] "GET /users/list HTTP/1.1" 200 28 "-" "PostmanRuntime/7.28.4"
::1 - - [02/Nov/2021:07:24:40 +0000] "GET /users/list HTTP/1.1" 200 28 "-" "PostmanRuntime/7.28.4"
::1 - - [02/Nov/2021:07:24:49 +0000] "GET /users/list HTTP/1.1" 200 28 "-" "PostmanRuntime/7.28.4"
::1 - - [02/Nov/2021:07:24:57 +0000] "GET /users/list?search= HTTP/1.1" 200 347 "-" "PostmanRuntime/7.28.4"
::1 - - [02/Nov/2021:07:25:23 +0000] "GET /users/list?search= HTTP/1.1" 200 347 "-" "PostmanRuntime/7.28.4"
::1 - - [02/Nov/2021:07:25:27 +0000] "GET /users/list?search= HTTP/1.1" 200 347 "-" "PostmanRuntime/7.28.4"
::1 - - [02/Nov/2021:07:27:30 +0000] "POST /users/register HTTP/1.1" 400 1102 "-" "PostmanRuntime/7.28.4"
::1 - - [02/Nov/2021:07:27:42 +0000] "POST /users/register HTTP/1.1" 400 1102 "-" "PostmanRuntime/7.28.4"
::1 - - [02/Nov/2021:07:28:19 +0000] "POST /users/register HTTP/1.1" 200 311 "-" "PostmanRuntime/7.28.4"
::1 - - [02/Nov/2021:07:31:53 +0000] "GET /users/list?search= HTTP/1.1" 200 509 "-" "PostmanRuntime/7.28.4"
::1 - - [02/Nov/2021:07:35:09 +0000] "POST /users/register HTTP/1.1" 200 309 "-" "PostmanRuntime/7.28.4"
::1 - - [02/Nov/2021:07:35:13 +0000] "GET /users/list?search= HTTP/1.1" 500 500 "-" "PostmanRuntime/7.28.4"
::1 - - [02/Nov/2021:07:35:23 +0000] "GET /users/list?search= HTTP/1.1" 200 520 "-" "PostmanRuntime/7.28.4"
::1 - - [02/Nov/2021:07:36:15 +0000] "GET /users/list?search= HTTP/1.1" 200 520 "-" "PostmanRuntime/7.28.4"
::1 - - [02/Nov/2021:07:36:18 +0000] "GET /users/list?search=a HTTP/1.1" 200 270 "-" "PostmanRuntime/7.28.4"
::1 - - [02/Nov/2021:07:36:24 +0000] "GET /users/list?search=lite HTTP/1.1" 200 151 "-" "PostmanRuntime/7.28.4"
::1 - - [02/Nov/2021:07:42:20 +0000] "GET /users/list?search=lite HTTP/1.1" 200 186 "-" "PostmanRuntime/7.28.4"
::1 - - [02/Nov/2021:07:42:35 +0000] "GET /users/list?search=lite HTTP/1.1" 200 186 "-" "PostmanRuntime/7.28.4"
::1 - - [02/Nov/2021:07:42:46 +0000] "GET /users/list?search=lite HTTP/1.1" 200 184 "-" "PostmanRuntime/7.28.4"
::1 - - [02/Nov/2021:07:46:03 +0000] "GET /users/list?search=lite HTTP/1.1" 500 46 "-" "PostmanRuntime/7.28.4"
::1 - - [02/Nov/2021:07:46:13 +0000] "POST /users/login HTTP/1.1" 500 47 "-" "PostmanRuntime/7.28.4"
::1 - - [02/Nov/2021:07:46:17 +0000] "POST /users/login HTTP/1.1" 500 52 "-" "PostmanRuntime/7.28.4"
::1 - - [02/Nov/2021:07:46:21 +0000] "POST /users/login HTTP/1.1" 200 311 "-" "PostmanRuntime/7.28.4"
::1 - - [02/Nov/2021:07:46:38 +0000] "GET /users/list?search=lite HTTP/1.1" 200 184 "-" "PostmanRuntime/7.28.4"
::1 - - [02/Nov/2021:07:46:48 +0000] "POST /users/update HTTP/1.1" 500 46 "-" "PostmanRuntime/7.28.4"
::1 - - [02/Nov/2021:07:46:53 +0000] "POST /users/update HTTP/1.1" 200 30 "-" "PostmanRuntime/7.28.4"
::1 - - [02/Nov/2021:07:56:36 +0000] "POST /users/register HTTP/1.1" 500 56 "-" "PostmanRuntime/7.28.4"
::1 - - [02/Nov/2021:07:56:42 +0000] "POST /users/register HTTP/1.1" 200 312 "-" "PostmanRuntime/7.28.4"
::1 - - [02/Nov/2021:07:57:05 +0000] "POST /users/create HTTP/1.1" 200 146 "-" "PostmanRuntime/7.28.4"
::1 - - [02/Nov/2021:08:07:37 +0000] "POST /users/create HTTP/1.1" 200 146 "-" "PostmanRuntime/7.28.4"
::1 - - [02/Nov/2021:08:07:40 +0000] "POST /users/create HTTP/1.1" 200 148 "-" "PostmanRuntime/7.28.4"
::1 - - [02/Nov/2021:08:19:37 +0000] "POST /users/create HTTP/1.1" 200 150 "-" "PostmanRuntime/7.28.4"
::1 - - [02/Nov/2021:08:19:41 +0000] "GET /users/list?search=lite HTTP/1.1" 200 61 "-" "PostmanRuntime/7.28.4"
::1 - - [02/Nov/2021:08:19:53 +0000] "GET /users/list?search= HTTP/1.1" 200 822 "-" "PostmanRuntime/7.28.4"
::1 - - [02/Nov/2021:08:20:15 +0000] "DELETE /users/delete HTTP/1.1" 500 448 "-" "PostmanRuntime/7.28.4"
::1 - - [02/Nov/2021:08:20:46 +0000] "DELETE /users/delete HTTP/1.1" 200 30 "-" "PostmanRuntime/7.28.4"
::1 - - [02/Nov/2021:08:20:51 +0000] "GET /users/list?search= HTTP/1.1" 200 558 "-" "PostmanRuntime/7.28.4"
::1 - - [02/Nov/2021:08:21:04 +0000] "DELETE /users/delete HTTP/1.1" 200 30 "-" "PostmanRuntime/7.28.4"
::1 - - [02/Nov/2021:08:21:07 +0000] "GET /users/list?search= HTTP/1.1" 200 429 "-" "PostmanRuntime/7.28.4"
::1 - - [02/Nov/2021:08:21:11 +0000] "POST /users/create HTTP/1.1" 200 150 "-" "PostmanRuntime/7.28.4"
::1 - - [02/Nov/2021:08:21:15 +0000] "POST /users/create HTTP/1.1" 200 148 "-" "PostmanRuntime/7.28.4"
::1 - - [02/Nov/2021:08:21:18 +0000] "GET /users/list?search= HTTP/1.1" 200 693 "-" "PostmanRuntime/7.28.4"
::1 - - [02/Nov/2021:08:21:41 +0000] "DELETE /users/delete HTTP/1.1" 200 30 "-" "PostmanRuntime/7.28.4"
::1 - - [02/Nov/2021:08:21:43 +0000] "GET /users/list?search= HTTP/1.1" 200 429 "-" "PostmanRuntime/7.28.4"
::1 - - [02/Nov/2021:08:21:48 +0000] "DELETE /users/delete HTTP/1.1" 200 30 "-" "PostmanRuntime/7.28.4"
::1 - - [02/Nov/2021:08:21:51 +0000] "GET /users/list?search= HTTP/1.1" 200 429 "-" "PostmanRuntime/7.28.4"
::1 - - [02/Nov/2021:08:21:58 +0000] "DELETE /users/delete HTTP/1.1" 200 30 "-" "PostmanRuntime/7.28.4"
::1 - - [02/Nov/2021:08:22:07 +0000] "POST /users/create HTTP/1.1" 200 148 "-" "PostmanRuntime/7.28.4"
::1 - - [02/Nov/2021:08:22:11 +0000] "DELETE /users/delete HTTP/1.1" 200 30 "-" "PostmanRuntime/7.28.4"
::1 - - [02/Nov/2021:08:22:19 +0000] "GET /users/list?search= HTTP/1.1" 200 560 "-" "PostmanRuntime/7.28.4"
::1 - - [02/Nov/2021:08:22:32 +0000] "DELETE /users/delete HTTP/1.1" 200 30 "-" "PostmanRuntime/7.28.4"
::1 - - [03/Nov/2021:07:48:04 +0000] "GET /groups/create HTTP/1.1" 500 44 "-" "PostmanRuntime/7.28.4"
::1 - - [03/Nov/2021:07:48:09 +0000] "POST /users/login HTTP/1.1" 200 311 "-" "PostmanRuntime/7.28.4"
::1 - - [03/Nov/2021:07:48:20 +0000] "GET /groups/create HTTP/1.1" 200 15 "-" "PostmanRuntime/7.28.4"
::1 - - [03/Nov/2021:07:48:44 +0000] "GET /groups/kecerdasan HTTP/1.1" 200 15 "-" "PostmanRuntime/7.28.4"
::1 - - [03/Nov/2021:07:49:11 +0000] "POST /groups/kecerdasan HTTP/1.1" 500 345 "-" "PostmanRuntime/7.28.4"
::1 - - [03/Nov/2021:07:49:38 +0000] "POST /groups/kecerdasan HTTP/1.1" 500 343 "-" "PostmanRuntime/7.28.4"
::1 - - [03/Nov/2021:07:49:52 +0000] "POST /groups/kecerdasan HTTP/1.1" 200 117 "-" "PostmanRuntime/7.28.4"
::1 - - [03/Nov/2021:07:50:04 +0000] "POST /groups/kecerdasan HTTP/1.1" 500 353 "-" "PostmanRuntime/7.28.4"
::1 - - [03/Nov/2021:07:51:21 +0000] "POST /groups/kecerdasan HTTP/1.1" 200 117 "-" "PostmanRuntime/7.28.4"
::1 - - [03/Nov/2021:08:04:19 +0000] "POST /groups/kecerdasan HTTP/1.1" 200 30 "-" "PostmanRuntime/7.28.4"
::1 - - [03/Nov/2021:08:05:09 +0000] "POST /groups/kecerdasan HTTP/1.1" 200 30 "-" "PostmanRuntime/7.28.4"
::1 - - [03/Nov/2021:08:05:41 +0000] "POST /groups/kecerdasan/a05660c6-3b15-4104-80dd-1da795c208c4 HTTP/1.1" 400 48 "-" "PostmanRuntime/7.28.4"
::1 - - [03/Nov/2021:08:06:15 +0000] "POST /groups/kecerdasan/a05660c6-3b15-4104-80dd-1da795c208c4 HTTP/1.1" 400 48 "-" "PostmanRuntime/7.28.4"
::1 - - [03/Nov/2021:08:07:17 +0000] "POST /groups/kecerdasan/a05660c6-3b15-4104-80dd-1da795c208c4 HTTP/1.1" 400 48 "-" "PostmanRuntime/7.28.4"
::1 - - [03/Nov/2021:08:07:35 +0000] "POST /groups/kecerdasan/a05660c6-3b15-4104-80dd-1da795c208c4 HTTP/1.1" 400 48 "-" "PostmanRuntime/7.28.4"
::1 - - [03/Nov/2021:08:08:29 +0000] "POST /groups/kecerdasan/a05660c6-3b15-4104-80dd-1da795c208c4 HTTP/1.1" 200 30 "-" "PostmanRuntime/7.28.4"
::1 - - [03/Nov/2021:08:08:54 +0000] "POST /groups/kecerdasan/a05660c6-3b15-4104-80dd-1da795c208c4 HTTP/1.1" 200 30 "-" "PostmanRuntime/7.28.4"
::1 - - [03/Nov/2021:08:09:44 +0000] "POST /groups/kecerdasan/a05660c6-3b15-4104-80dd-1da795c208c4 HTTP/1.1" 200 30 "-" "PostmanRuntime/7.28.4"
::1 - - [03/Nov/2021:08:10:06 +0000] "POST /groups/kecerdasan/bfe9cdab-3527-4b8d-9c45-1f4b6e875a23 HTTP/1.1" 200 30 "-" "PostmanRuntime/7.28.4"
::1 - - [03/Nov/2021:08:11:06 +0000] "POST /groups/kecerdasan/bfe9cdab-3527-4b8d-9c45-1f4b6e875a23 HTTP/1.1" 200 30 "-" "PostmanRuntime/7.28.4"
::1 - - [03/Nov/2021:08:11:21 +0000] "POST /groups/kecerdasan/bfe9cdab-3527-4b8d-9c45-1f4b6e875a23 HTTP/1.1" 200 30 "-" "PostmanRuntime/7.28.4"
::1 - - [03/Nov/2021:08:13:13 +0000] "POST /users/update HTTP/1.1" 200 30 "-" "PostmanRuntime/7.28.4"
::1 - - [03/Nov/2021:08:14:47 +0000] "POST /groups/kecerdasan/bfe9cdab-3527-4b8d-9c45-1f4b6e875a23 HTTP/1.1" 200 30 "-" "PostmanRuntime/7.28.4"
::1 - - [03/Nov/2021:08:15:04 +0000] "POST /groups/kecerdasan/bfe9cdab-3527-4b8d-9c45-1f4b6e875a23 HTTP/1.1" 200 30 "-" "PostmanRuntime/7.28.4"
::1 - - [03/Nov/2021:08:16:00 +0000] "GET /users/list?search= HTTP/1.1" 200 418 "-" "PostmanRuntime/7.28.4"
::1 - - [03/Nov/2021:08:22:05 +0000] "GET /groups/kecerdasan HTTP/1.1" 500 46 "-" "PostmanRuntime/7.28.4"
::1 - - [03/Nov/2021:08:22:11 +0000] "GET /groups/kecerdasan HTTP/1.1" 200 616 "-" "PostmanRuntime/7.28.4"
::1 - - [03/Nov/2021:08:28:29 +0000] "GET /groups/kecerdasan HTTP/1.1" 200 616 "-" "PostmanRuntime/7.28.4"
::1 - - [03/Nov/2021:08:28:36 +0000] "DELETE /groups/kecerdasan/bfe9cdab-3527-4b8d-9c45-1f4b6e875a23 HTTP/1.1" 200 30 "-" "PostmanRuntime/7.28.4"
::1 - - [03/Nov/2021:08:28:38 +0000] "GET /groups/kecerdasan HTTP/1.1" 200 462 "-" "PostmanRuntime/7.28.4"
::1 - - [03/Nov/2021:08:29:06 +0000] "POST /groups/kecerdasan HTTP/1.1" 200 30 "-" "PostmanRuntime/7.28.4"
::1 - - [03/Nov/2021:08:29:13 +0000] "GET /groups/kecerdasan HTTP/1.1" 200 607 "-" "PostmanRuntime/7.28.4"
::1 - - [03/Nov/2021:08:29:23 +0000] "POST /groups/kecerdasan/a4e4a4d1-cc87-475b-a347-e8c835ab27a7 HTTP/1.1" 200 30 "-" "PostmanRuntime/7.28.4"
::1 - - [03/Nov/2021:08:44:09 +0000] "POST /groups/kecerdasan HTTP/1.1" 200 30 "-" "PostmanRuntime/7.28.4"
::1 - - [03/Nov/2021:08:44:14 +0000] "GET /groups/kecerdasan HTTP/1.1" 200 764 "-" "PostmanRuntime/7.28.4"
::1 - - [03/Nov/2021:08:44:30 +0000] "POST /groups/kecerdasan HTTP/1.1" 200 30 "-" "PostmanRuntime/7.28.4"
::1 - - [03/Nov/2021:08:44:32 +0000] "GET /groups/kecerdasan HTTP/1.1" 200 769 "-" "PostmanRuntime/7.28.4"
::1 - - [03/Nov/2021:08:47:42 +0000] "GET /users/list?search= HTTP/1.1" 200 418 "-" "PostmanRuntime/7.28.4"
::1 - - [03/Nov/2021:08:48:00 +0000] "POST /users/insert HTTP/1.1" 200 30 "-" "PostmanRuntime/7.28.4"
::1 - - [03/Nov/2021:08:48:03 +0000] "GET /users/list?search= HTTP/1.1" 200 433 "-" "PostmanRuntime/7.28.4"
::1 - - [03/Nov/2021:08:48:19 +0000] "POST /users/insert HTTP/1.1" 200 152 "-" "PostmanRuntime/7.28.4"
::1 - - [03/Nov/2021:08:51:16 +0000] "GET /groups/kecerdasan HTTP/1.1" 200 769 "-" "PostmanRuntime/7.28.4"
::1 - - [03/Nov/2021:09:10:58 +0000] "POST /groups/kecerdasan/activation/6216ace2-b9a2-4929-ba89-3850ffe40689 HTTP/1.1" 400 51 "-" "PostmanRuntime/7.28.4"
::1 - - [03/Nov/2021:09:11:26 +0000] "POST /groups/kecerdasan/activation/6216ace2-b9a2-4929-ba89-3850ffe40689 HTTP/1.1" 200 30 "-" "PostmanRuntime/7.28.4"
::1 - - [03/Nov/2021:09:11:34 +0000] "GET /groups/kecerdasan HTTP/1.1" 200 769 "-" "PostmanRuntime/7.28.4"
::1 - - [03/Nov/2021:09:11:39 +0000] "POST /groups/kecerdasan/activation/6216ace2-b9a2-4929-ba89-3850ffe40689 HTTP/1.1" 200 30 "-" "PostmanRuntime/7.28.4"
::1 - - [03/Nov/2021:09:12:35 +0000] "POST /groups/kecerdasan/activation HTTP/1.1" 200 30 "-" "PostmanRuntime/7.28.4"
::1 - - [03/Nov/2021:09:13:06 +0000] "GET /groups/kecerdasan HTTP/1.1" 200 769 "-" "PostmanRuntime/7.28.4"
::1 - - [03/Nov/2021:09:26:17 +0000] "POST /groups/kepribadian HTTP/1.1" 400 50 "-" "PostmanRuntime/7.28.4"
::1 - - [03/Nov/2021:09:26:25 +0000] "GET /groups/kepribadian HTTP/1.1" 500 409 "-" "PostmanRuntime/7.28.4"
::1 - - [03/Nov/2021:09:27:22 +0000] "GET /groups/kepribadian HTTP/1.1" 200 28 "-" "PostmanRuntime/7.28.4"
::1 - - [03/Nov/2021:09:27:32 +0000] "POST /groups/kepribadian HTTP/1.1" 500 367 "-" "PostmanRuntime/7.28.4"
::1 - - [03/Nov/2021:09:27:40 +0000] "POST /groups/kepribadian HTTP/1.1" 200 30 "-" "PostmanRuntime/7.28.4"
::1 - - [03/Nov/2021:09:29:09 +0000] "GET /groups/kepribadian HTTP/1.1" 200 185 "-" "PostmanRuntime/7.28.4"
::1 - - [03/Nov/2021:09:29:14 +0000] "POST /groups/kepribadian HTTP/1.1" 200 30 "-" "PostmanRuntime/7.28.4"
::1 - - [03/Nov/2021:09:29:16 +0000] "GET /groups/kepribadian HTTP/1.1" 200 342 "-" "PostmanRuntime/7.28.4"
::1 - - [03/Nov/2021:09:29:30 +0000] "DELETE /groups/kepribadian/35a268c6-2843-4340-b778-c5194db7b019 HTTP/1.1" 200 30 "-" "PostmanRuntime/7.28.4"
::1 - - [03/Nov/2021:09:29:32 +0000] "GET /groups/kepribadian HTTP/1.1" 200 184 "-" "PostmanRuntime/7.28.4"
::1 - - [03/Nov/2021:09:29:38 +0000] "POST /groups/kepribadian HTTP/1.1" 200 30 "-" "PostmanRuntime/7.28.4"
::1 - - [03/Nov/2021:09:29:40 +0000] "GET /groups/kepribadian HTTP/1.1" 200 341 "-" "PostmanRuntime/7.28.4"
::1 - - [03/Nov/2021:09:30:06 +0000] "POST /groups/kepribadian HTTP/1.1" 500 45 "-" "PostmanRuntime/7.28.4"
::1 - - [03/Nov/2021:09:30:09 +0000] "POST /groups/kepribadian HTTP/1.1" 200 30 "-" "PostmanRuntime/7.28.4"
::1 - - [03/Nov/2021:09:30:14 +0000] "GET /groups/kepribadian HTTP/1.1" 200 348 "-" "PostmanRuntime/7.28.4"
::1 - - [03/Nov/2021:09:30:27 +0000] "POST /groups/kepribadian/activation HTTP/1.1" 200 30 "-" "PostmanRuntime/7.28.4"
::1 - - [03/Nov/2021:09:30:29 +0000] "GET /groups/kepribadian HTTP/1.1" 200 348 "-" "PostmanRuntime/7.28.4"
::1 - - [04/Nov/2021:02:13:54 +0000] "POST /groups/kejiwaan HTTP/1.1" 400 1103 "-" "PostmanRuntime/7.28.4"
::1 - - [04/Nov/2021:02:13:58 +0000] "POST /groups/kejiwaan HTTP/1.1" 500 44 "-" "PostmanRuntime/7.28.4"
::1 - - [04/Nov/2021:02:14:03 +0000] "POST /users/login HTTP/1.1" 200 311 "-" "PostmanRuntime/7.28.4"
::1 - - [04/Nov/2021:02:14:16 +0000] "POST /groups/kejiwaan HTTP/1.1" 500 45 "-" "PostmanRuntime/7.28.4"
::1 - - [04/Nov/2021:02:14:29 +0000] "GET /groups/kejiwaan HTTP/1.1" 200 28 "-" "PostmanRuntime/7.28.4"
::1 - - [04/Nov/2021:02:14:46 +0000] "POST /groups/kejiwaan HTTP/1.1" 500 45 "-" "PostmanRuntime/7.28.4"
::1 - - [04/Nov/2021:02:14:53 +0000] "POST /groups/kejiwaan HTTP/1.1" 200 30 "-" "PostmanRuntime/7.28.4"
::1 - - [04/Nov/2021:02:15:02 +0000] "POST /groups/kejiwaan HTTP/1.1" 200 30 "-" "PostmanRuntime/7.28.4"
::1 - - [04/Nov/2021:02:15:05 +0000] "GET /groups/kejiwaan HTTP/1.1" 200 326 "-" "PostmanRuntime/7.28.4"
::1 - - [04/Nov/2021:02:15:21 +0000] "POST /groups/kejiwaan HTTP/1.1" 200 30 "-" "PostmanRuntime/7.28.4"
::1 - - [04/Nov/2021:02:15:26 +0000] "POST /groups/kejiwaan HTTP/1.1" 200 30 "-" "PostmanRuntime/7.28.4"
::1 - - [04/Nov/2021:02:15:29 +0000] "GET /groups/kejiwaan HTTP/1.1" 200 324 "-" "PostmanRuntime/7.28.4"
::1 - - [04/Nov/2021:02:15:44 +0000] "POST /groups/kejiwaan/activation HTTP/1.1" 200 30 "-" "PostmanRuntime/7.28.4"
::1 - - [04/Nov/2021:02:15:47 +0000] "POST /groups/kejiwaan/activation HTTP/1.1" 200 30 "-" "PostmanRuntime/7.28.4"
::1 - - [04/Nov/2021:02:15:56 +0000] "GET /groups/kejiwaan HTTP/1.1" 200 324 "-" "PostmanRuntime/7.28.4"
::1 - - [04/Nov/2021:02:16:01 +0000] "DELETE /groups/kejiwaan/8c12ab6c-d173-4046-a56b-fd914d43003a HTTP/1.1" 200 30 "-" "PostmanRuntime/7.28.4"
::1 - - [04/Nov/2021:02:16:03 +0000] "GET /groups/kejiwaan HTTP/1.1" 200 177 "-" "PostmanRuntime/7.28.4"
::1 - - [04/Nov/2021:02:24:47 +0000] "POST /groups/kecermatan HTTP/1.1" 200 30 "-" "PostmanRuntime/7.28.4"
::1 - - [04/Nov/2021:02:24:48 +0000] "POST /groups/kecermatan HTTP/1.1" 200 30 "-" "PostmanRuntime/7.28.4"
::1 - - [04/Nov/2021:02:24:48 +0000] "POST /groups/kecermatan HTTP/1.1" 200 30 "-" "PostmanRuntime/7.28.4"
::1 - - [04/Nov/2021:02:24:51 +0000] "GET /groups/kecermatan HTTP/1.1" 200 471 "-" "PostmanRuntime/7.28.4"
::1 - - [04/Nov/2021:02:25:13 +0000] "POST /groups/kecermatan HTTP/1.1" 200 30 "-" "PostmanRuntime/7.28.4"
::1 - - [04/Nov/2021:02:25:16 +0000] "GET /groups/kecermatan HTTP/1.1" 200 480 "-" "PostmanRuntime/7.28.4"
::1 - - [04/Nov/2021:02:25:31 +0000] "POST /groups/kecermatan/activation HTTP/1.1" 200 30 "-" "PostmanRuntime/7.28.4"
::1 - - [04/Nov/2021:02:25:33 +0000] "GET /groups/kecermatan HTTP/1.1" 200 480 "-" "PostmanRuntime/7.28.4"
::1 - - [04/Nov/2021:02:25:37 +0000] "DELETE /groups/kecermatan/254a52cc-2ebe-4841-a9a3-e84aa8675823 HTTP/1.1" 200 30 "-" "PostmanRuntime/7.28.4"
::1 - - [04/Nov/2021:02:25:39 +0000] "GET /groups/kecermatan HTTP/1.1" 200 323 "-" "PostmanRuntime/7.28.4"
::1 - - [04/Nov/2021:13:00:24 +0000] "GET /questions/kecerdasan HTTP/1.1" 500 44 "-" "PostmanRuntime/7.28.4"
::1 - - [04/Nov/2021:13:00:32 +0000] "POST /users/login HTTP/1.1" 200 311 "-" "PostmanRuntime/7.28.4"
::1 - - [04/Nov/2021:13:00:45 +0000] "GET /questions/kecerdasan HTTP/1.1" 200 15 "-" "PostmanRuntime/7.28.4"
::1 - - [04/Nov/2021:13:00:59 +0000] "GET /questions/kecerdasan HTTP/1.1" 200 357 "-" "PostmanRuntime/7.28.4"
::1 - - [04/Nov/2021:13:06:17 +0000] "GET /questions/kecerdasan HTTP/1.1" 200 793 "-" "PostmanRuntime/7.28.4"
::1 - - [04/Nov/2021:13:09:54 +0000] "GET /questions/kecerdasan HTTP/1.1" 200 1017 "-" "PostmanRuntime/7.28.4"
::1 - - [04/Nov/2021:13:11:17 +0000] "GET /questions/kecerdasan HTTP/1.1" 200 1017 "-" "PostmanRuntime/7.28.4"
::1 - - [04/Nov/2021:13:22:30 +0000] "GET /questions/kecerdasan HTTP/1.1" 500 31 "-" "PostmanRuntime/7.28.4"
::1 - - [04/Nov/2021:13:23:03 +0000] "GET /questions/kecerdasan HTTP/1.1" 500 31 "-" "PostmanRuntime/7.28.4"
::1 - - [04/Nov/2021:13:23:25 +0000] "GET /questions/kecerdasan HTTP/1.1" 500 31 "-" "PostmanRuntime/7.28.4"
::1 - - [04/Nov/2021:13:23:44 +0000] "GET /questions/kecerdasan HTTP/1.1" 500 31 "-" "PostmanRuntime/7.28.4"
::1 - - [04/Nov/2021:13:26:02 +0000] "GET /questions/kecerdasan HTTP/1.1" 200 1017 "-" "PostmanRuntime/7.28.4"
::1 - - [04/Nov/2021:13:26:58 +0000] "GET /questions/kecerdasan HTTP/1.1" 200 833 "-" "PostmanRuntime/7.28.4"
::1 - - [04/Nov/2021:13:27:39 +0000] "GET /questions/kecerdasan HTTP/1.1" 200 28 "-" "PostmanRuntime/7.28.4"
::1 - - [04/Nov/2021:13:27:56 +0000] "GET /questions/kecerdasan HTTP/1.1" 200 28 "-" "PostmanRuntime/7.28.4"
::1 - - [04/Nov/2021:13:28:07 +0000] "GET /questions/kecerdasan HTTP/1.1" 200 28 "-" "PostmanRuntime/7.28.4"
::1 - - [04/Nov/2021:13:29:06 +0000] "GET /questions/kecerdasan HTTP/1.1" 200 229 "-" "PostmanRuntime/7.28.4"
::1 - - [04/Nov/2021:13:29:27 +0000] "GET /questions/kecerdasan HTTP/1.1" 200 229 "-" "PostmanRuntime/7.28.4"
::1 - - [04/Nov/2021:13:29:30 +0000] "GET /questions/kecerdasan HTTP/1.1" 200 229 "-" "PostmanRuntime/7.28.4"
::1 - - [04/Nov/2021:13:29:54 +0000] "GET /questions/kecerdasan HTTP/1.1" 200 402 "-" "PostmanRuntime/7.28.4"
::1 - - [04/Nov/2021:13:30:12 +0000] "GET /questions/kecerdasan HTTP/1.1" 200 359 "-" "PostmanRuntime/7.28.4"
::1 - - [04/Nov/2021:13:32:21 +0000] "GET /questions/kecerdasan HTTP/1.1" 200 231 "-" "PostmanRuntime/7.28.4"
::1 - - [04/Nov/2021:13:35:31 +0000] "GET /questions/kecerdasan HTTP/1.1" 200 361 "-" "PostmanRuntime/7.28.4"
::1 - - [04/Nov/2021:13:36:01 +0000] "GET /questions/kecerdasan HTTP/1.1" 200 361 "-" "PostmanRuntime/7.28.4"
::1 - - [04/Nov/2021:13:36:55 +0000] "GET /questions/kecerdasan HTTP/1.1" 500 31 "-" "PostmanRuntime/7.28.4"
::1 - - [04/Nov/2021:13:37:45 +0000] "GET /questions/kecerdasan HTTP/1.1" 200 361 "-" "PostmanRuntime/7.28.4"
::1 - - [04/Nov/2021:13:38:11 +0000] "GET /questions/kecerdasan HTTP/1.1" 200 693 "-" "PostmanRuntime/7.28.4"
::1 - - [04/Nov/2021:14:26:33 +0000] "GET /questions/kecerdasan HTTP/1.1" 200 693 "-" "PostmanRuntime/7.28.4"
::1 - - [04/Nov/2021:14:27:01 +0000] "GET /questions/kecerdasan HTTP/1.1" 200 533 "-" "PostmanRuntime/7.28.4"
::1 - - [04/Nov/2021:14:27:35 +0000] "GET /questions/kecerdasan HTTP/1.1" 200 693 "-" "PostmanRuntime/7.28.4"
::1 - - [04/Nov/2021:14:29:49 +0000] "GET /groups/kecerdasan HTTP/1.1" 200 769 "-" "PostmanRuntime/7.28.4"
::1 - - [04/Nov/2021:14:30:15 +0000] "GET /groups/kecerdasan HTTP/1.1" 200 769 "-" "PostmanRuntime/7.28.4"
::1 - - [04/Nov/2021:14:30:20 +0000] "GET /questions/kecerdasan?secureId=50d7e340-e15c-4ad9-9e6e-a138e5cb76a3 HTTP/1.1" 200 693 "-" "PostmanRuntime/7.28.4"
::1 - - [04/Nov/2021:14:34:26 +0000] "GET /questions/kecerdasan?secureId=50d7e340-e15c-4ad9-9e6e-a138e5cb76a3 HTTP/1.1" 200 693 "-" "PostmanRuntime/7.28.4"
::1 - - [04/Nov/2021:14:34:30 +0000] "GET /questions/kecerdasan HTTP/1.1" 400 60 "-" "PostmanRuntime/7.28.4"
::1 - - [04/Nov/2021:14:34:34 +0000] "GET /questions/kecerdasan?secureId=50d7e340-e15c-4ad9-9e6e-a138e5cb76a3 HTTP/1.1" 200 693 "-" "PostmanRuntime/7.28.4"
::1 - - [04/Nov/2021:14:40:45 +0000] "GET /questions/kecerdasan?secureId=50d7e340-e15c-4ad9-9e6e-a138e5cb76a3 HTTP/1.1" 200 735 "-" "PostmanRuntime/7.28.4"
::1 - - [04/Nov/2021:14:51:03 +0000] "GET /questions/kecerdasan?secureId=50d7e340-e15c-4ad9-9e6e-a138e5cb76a3 HTTP/1.1" 200 42 "-" "PostmanRuntime/7.28.4"
::1 - - [04/Nov/2021:14:51:07 +0000] "GET /questions/kecerdasan?secureId=50d7e340-e15c-4ad9-9e6e-a138e5cb76a3 HTTP/1.1" 200 42 "-" "PostmanRuntime/7.28.4"
::1 - - [04/Nov/2021:14:51:30 +0000] "GET /questions/kecerdasan?secureId=50d7e340-e15c-4ad9-9e6e-a138e5cb76a3 HTTP/1.1" 200 42 "-" "PostmanRuntime/7.28.4"
::1 - - [04/Nov/2021:14:53:06 +0000] "GET /questions/kecerdasan?secureId=50d7e340-e15c-4ad9-9e6e-a138e5cb76a3 HTTP/1.1" 200 42 "-" "PostmanRuntime/7.28.4"
::1 - - [04/Nov/2021:14:53:26 +0000] "GET /questions/kecerdasan?secureId=50d7e340-e15c-4ad9-9e6e-a138e5cb76a3 HTTP/1.1" 200 42 "-" "PostmanRuntime/7.28.4"
::1 - - [04/Nov/2021:14:54:07 +0000] "GET /questions/kecerdasan?secureId=50d7e340-e15c-4ad9-9e6e-a138e5cb76a3 HTTP/1.1" 200 28 "-" "PostmanRuntime/7.28.4"
::1 - - [04/Nov/2021:14:58:31 +0000] "GET /questions/kecerdasan?secureId=50d7e340-e15c-4ad9-9e6e-a138e5cb76a3 HTTP/1.1" 200 735 "-" "PostmanRuntime/7.28.4"
::1 - - [04/Nov/2021:14:58:57 +0000] "GET /questions/kecerdasan?secureId=50d7e340-e15c-4ad9-9e6e-a138e5cb76a3 HTTP/1.1" 200 380 "-" "PostmanRuntime/7.28.4"
::1 - - [04/Nov/2021:14:59:02 +0000] "GET /questions/kecerdasan?secureId=50d7e340-e15c-4ad9-9e6e-a138e5cb76a3 HTTP/1.1" 200 735 "-" "PostmanRuntime/7.28.4"
::1 - - [04/Nov/2021:15:00:24 +0000] "GET /questions/kecerdasan?secureId=50d7e340-e15c-4ad9-9e6e-a138e5cb76a3 HTTP/1.1" 200 1135 "-" "PostmanRuntime/7.28.4"
::1 - - [04/Nov/2021:15:01:02 +0000] "GET /questions/kecerdasan?secureId=50d7e340-e15c-4ad9-9e6e-a138e5cb76a3 HTTP/1.1" 200 1135 "-" "PostmanRuntime/7.28.4"
::1 - - [04/Nov/2021:15:02:01 +0000] "GET /questions/kecerdasan?secureId=50d7e340-e15c-4ad9-9e6e-a138e5cb76a3 HTTP/1.1" 200 1135 "-" "PostmanRuntime/7.28.4"
::1 - - [04/Nov/2021:15:02:20 +0000] "GET /questions/kecerdasan?secureId=50d7e340-e15c-4ad9-9e6e-a138e5cb76a3 HTTP/1.1" 200 1135 "-" "PostmanRuntime/7.28.4"
::1 - - [04/Nov/2021:15:02:40 +0000] "GET /questions/kecerdasan?secureId=50d7e340-e15c-4ad9-9e6e-a138e5cb76a3 HTTP/1.1" 200 1135 "-" "PostmanRuntime/7.28.4"
::1 - - [04/Nov/2021:15:03:00 +0000] "GET /questions/kecerdasan?secureId=50d7e340-e15c-4ad9-9e6e-a138e5cb76a3 HTTP/1.1" 200 1135 "-" "PostmanRuntime/7.28.4"
::1 - - [04/Nov/2021:15:06:27 +0000] "GET /questions/kecerdasan?secureId=50d7e340-e15c-4ad9-9e6e-a138e5cb76a3 HTTP/1.1" 200 1135 "-" "PostmanRuntime/7.28.4"
::1 - - [04/Nov/2021:15:38:15 +0000] "DELETE /questions/kecerdasan HTTP/1.1" 400 63 "-" "PostmanRuntime/7.28.4"
::1 - - [04/Nov/2021:15:38:20 +0000] "DELETE /questions/kecerdasan?secureId=a9e9e79b-5d29-42fc-ae35-6139619ff2c6 HTTP/1.1" 200 30 "-" "PostmanRuntime/7.28.4"
::1 - - [04/Nov/2021:15:38:23 +0000] "GET /questions/kecerdasan?secureId=50d7e340-e15c-4ad9-9e6e-a138e5cb76a3 HTTP/1.1" 200 954 "-" "PostmanRuntime/7.28.4"
::1 - - [04/Nov/2021:16:15:39 +0000] "GET /questions/kecerdasan HTTP/1.1" 400 60 "-" "PostmanRuntime/7.28.4"
::1 - - [04/Nov/2021:16:16:06 +0000] "GET /questions/kecerdasan HTTP/1.1" 400 60 "-" "PostmanRuntime/7.28.4"
::1 - - [04/Nov/2021:16:16:18 +0000] "POST /questions/kecerdasan HTTP/1.1" 200 30 "-" "PostmanRuntime/7.28.4"
::1 - - [05/Nov/2021:04:06:49 +0000] "POST /questions/kecerdasan HTTP/1.1" 500 44 "-" "PostmanRuntime/7.28.4"
::1 - - [05/Nov/2021:04:06:55 +0000] "POST /users/login HTTP/1.1" 200 311 "-" "PostmanRuntime/7.28.4"
::1 - - [05/Nov/2021:04:07:09 +0000] "POST /questions/kecerdasan HTTP/1.1" 200 30 "-" "PostmanRuntime/7.28.4"
::1 - - [05/Nov/2021:04:30:14 +0000] "POST /questions/kecerdasan HTTP/1.1" 500 464 "-" "PostmanRuntime/7.28.4"
::1 - - [05/Nov/2021:04:32:11 +0000] "POST /questions/kecerdasan HTTP/1.1" 500 566 "-" "PostmanRuntime/7.28.4"
::1 - - [05/Nov/2021:04:33:01 +0000] "POST /questions/kecerdasan HTTP/1.1" 500 585 "-" "PostmanRuntime/7.28.4"
::1 - - [05/Nov/2021:04:33:37 +0000] "POST /questions/kecerdasan HTTP/1.1" 500 585 "-" "PostmanRuntime/7.28.4"
::1 - - [05/Nov/2021:04:34:51 +0000] "POST /questions/kecerdasan HTTP/1.1" 500 570 "-" "PostmanRuntime/7.28.4"
::1 - - [05/Nov/2021:04:35:14 +0000] "POST /questions/kecerdasan HTTP/1.1" 200 55 "-" "PostmanRuntime/7.28.4"
::1 - - [05/Nov/2021:04:35:59 +0000] "GET /questions/kecerdasan?secureId=50d7e340-e15c-4ad9-9e6e-a138e5cb76a3 HTTP/1.1" 200 3131 "-" "PostmanRuntime/7.28.4"
::1 - - [05/Nov/2021:04:36:29 +0000] "POST /questions/kecerdasan HTTP/1.1" 200 55 "-" "PostmanRuntime/7.28.4"
::1 - - [05/Nov/2021:04:36:33 +0000] "GET /questions/kecerdasan?secureId=50d7e340-e15c-4ad9-9e6e-a138e5cb76a3 HTTP/1.1" 200 3785 "-" "PostmanRuntime/7.28.4"
::1 - - [05/Nov/2021:04:46:43 +0000] "POST /questions/kecerdasan HTTP/1.1" 200 30 "-" "PostmanRuntime/7.28.4"
::1 - - [05/Nov/2021:04:56:59 +0000] "GET /questions/kecerdasan?secureId=50d7e340-e15c-4ad9-9e6e-a138e5cb76a3 HTTP/1.1" 200 1242 "-" "PostmanRuntime/7.28.4"
::1 - - [05/Nov/2021:04:57:24 +0000] "POST /questions/kecerdasan HTTP/1.1" 200 30 "-" "PostmanRuntime/7.28.4"
::1 - - [05/Nov/2021:04:57:32 +0000] "POST /questions/kecerdasan HTTP/1.1" 200 30 "-" "PostmanRuntime/7.28.4"
::1 - - [05/Nov/2021:04:57:34 +0000] "GET /questions/kecerdasan?secureId=50d7e340-e15c-4ad9-9e6e-a138e5cb76a3 HTTP/1.1" 200 2556 "-" "PostmanRuntime/7.28.4"
::1 - - [05/Nov/2021:04:58:07 +0000] "POST /questions/kecerdasan HTTP/1.1" 200 30 "-" "PostmanRuntime/7.28.4"
::1 - - [05/Nov/2021:04:59:07 +0000] "POST /questions/kecerdasan HTTP/1.1" 200 30 "-" "PostmanRuntime/7.28.4"
::1 - - [05/Nov/2021:05:00:40 +0000] "POST /questions/kecerdasan HTTP/1.1" 500 806 "-" "PostmanRuntime/7.28.4"
::1 - - [05/Nov/2021:05:01:12 +0000] "POST /questions/kecerdasan HTTP/1.1" 500 806 "-" "PostmanRuntime/7.28.4"
::1 - - [05/Nov/2021:05:02:35 +0000] "POST /questions/kecerdasan HTTP/1.1" 500 806 "-" "PostmanRuntime/7.28.4"
::1 - - [05/Nov/2021:05:02:52 +0000] "POST /questions/kecerdasan HTTP/1.1" 500 49 "-" "PostmanRuntime/7.28.4"
::1 - - [05/Nov/2021:05:03:08 +0000] "POST /questions/kecerdasan HTTP/1.1" 400 1102 "-" "PostmanRuntime/7.28.4"
::1 - - [05/Nov/2021:05:03:44 +0000] "POST /questions/kecerdasan HTTP/1.1" 200 30 "-" "PostmanRuntime/7.28.4"
::1 - - [05/Nov/2021:05:03:54 +0000] "GET /questions/kecerdasan?secureId=50d7e340-e15c-4ad9-9e6e-a138e5cb76a3 HTTP/1.1" 200 1242 "-" "PostmanRuntime/7.28.4"
::1 - - [05/Nov/2021:05:04:49 +0000] "POST /questions/kecerdasan HTTP/1.1" 500 806 "-" "PostmanRuntime/7.28.4"
::1 - - [05/Nov/2021:05:05:04 +0000] "GET /questions/kecerdasan?secureId=50d7e340-e15c-4ad9-9e6e-a138e5cb76a3 HTTP/1.1" 200 1242 "-" "PostmanRuntime/7.28.4"
::1 - - [05/Nov/2021:05:06:56 +0000] "POST /questions/kecerdasan HTTP/1.1" 500 806 "-" "PostmanRuntime/7.28.4"
::1 - - [05/Nov/2021:05:07:40 +0000] "POST /questions/kecerdasan HTTP/1.1" 500 806 "-" "PostmanRuntime/7.28.4"
::1 - - [05/Nov/2021:05:08:05 +0000] "GET /questions/kecerdasan?secureId=50d7e340-e15c-4ad9-9e6e-a138e5cb76a3 HTTP/1.1" 200 1242 "-" "PostmanRuntime/7.28.4"
::1 - - [05/Nov/2021:05:09:01 +0000] "POST /questions/kecerdasan HTTP/1.1" 500 806 "-" "PostmanRuntime/7.28.4"
::1 - - [05/Nov/2021:05:11:23 +0000] "GET /questions/kecerdasan?secureId=50d7e340-e15c-4ad9-9e6e-a138e5cb76a3 HTTP/1.1" 200 836 "-" "PostmanRuntime/7.28.4"
::1 - - [05/Nov/2021:05:11:44 +0000] "GET /questions/kecerdasan?secureId=50d7e340-e15c-4ad9-9e6e-a138e5cb76a3 HTTP/1.1" 200 580 "-" "PostmanRuntime/7.28.4"
::1 - - [05/Nov/2021:05:11:47 +0000] "POST /questions/kecerdasan HTTP/1.1" 500 49 "-" "PostmanRuntime/7.28.4"
::1 - - [05/Nov/2021:05:12:03 +0000] "POST /questions/kecerdasan HTTP/1.1" 200 30 "-" "PostmanRuntime/7.28.4"
::1 - - [05/Nov/2021:05:12:06 +0000] "GET /questions/kecerdasan?secureId=50d7e340-e15c-4ad9-9e6e-a138e5cb76a3 HTTP/1.1" 200 1242 "-" "PostmanRuntime/7.28.4"
::1 - - [05/Nov/2021:05:12:30 +0000] "POST /questions/kecerdasan HTTP/1.1" 500 806 "-" "PostmanRuntime/7.28.4"
::1 - - [05/Nov/2021:05:14:47 +0000] "POST /questions/kecerdasan HTTP/1.1" 500 31 "-" "PostmanRuntime/7.28.4"
::1 - - [05/Nov/2021:05:14:55 +0000] "POST /questions/kecerdasan HTTP/1.1" 500 31 "-" "PostmanRuntime/7.28.4"
::1 - - [05/Nov/2021:05:15:20 +0000] "POST /questions/kecerdasan HTTP/1.1" 200 30 "-" "PostmanRuntime/7.28.4"
::1 - - [05/Nov/2021:05:15:24 +0000] "GET /questions/kecerdasan?secureId=50d7e340-e15c-4ad9-9e6e-a138e5cb76a3 HTTP/1.1" 200 1754 "-" "PostmanRuntime/7.28.4"
::1 - - [05/Nov/2021:05:16:07 +0000] "POST /questions/kecerdasan HTTP/1.1" 200 30 "-" "PostmanRuntime/7.28.4"
::1 - - [05/Nov/2021:05:16:11 +0000] "GET /questions/kecerdasan?secureId=50d7e340-e15c-4ad9-9e6e-a138e5cb76a3 HTTP/1.1" 200 1745 "-" "PostmanRuntime/7.28.4"
::1 - - [05/Nov/2021:05:16:36 +0000] "POST /questions/kecerdasan HTTP/1.1" 200 30 "-" "PostmanRuntime/7.28.4"
::1 - - [05/Nov/2021:05:16:38 +0000] "GET /questions/kecerdasan?secureId=50d7e340-e15c-4ad9-9e6e-a138e5cb76a3 HTTP/1.1" 200 2213 "-" "PostmanRuntime/7.28.4"
::1 - - [05/Nov/2021:05:26:04 +0000] "POST /questions/kecerdasan HTTP/1.1" 500 49 "-" "PostmanRuntime/7.28.4"
::1 - - [05/Nov/2021:05:26:09 +0000] "GET /questions/kecerdasan?secureId=50d7e340-e15c-4ad9-9e6e-a138e5cb76a3 HTTP/1.1" 200 2213 "-" "PostmanRuntime/7.28.4"
::1 - - [05/Nov/2021:05:26:57 +0000] "POST /questions/kecerdasan HTTP/1.1" 500 308 "-" "PostmanRuntime/7.28.4"
::1 - - [05/Nov/2021:05:27:42 +0000] "POST /questions/kecerdasan HTTP/1.1" 500 308 "-" "PostmanRuntime/7.28.4"
::1 - - [05/Nov/2021:05:29:01 +0000] "POST /questions/kecerdasan HTTP/1.1" 500 308 "-" "PostmanRuntime/7.28.4"
::1 - - [05/Nov/2021:05:31:45 +0000] "POST /questions/kecerdasan HTTP/1.1" 200 30 "-" "PostmanRuntime/7.28.4"
::1 - - [05/Nov/2021:05:32:24 +0000] "POST /questions/kecerdasan HTTP/1.1" 200 30 "-" "PostmanRuntime/7.28.4"
::1 - - [05/Nov/2021:05:32:58 +0000] "POST /questions/kecerdasan HTTP/1.1" 200 30 "-" "PostmanRuntime/7.28.4"
::1 - - [05/Nov/2021:05:33:00 +0000] "GET /questions/kecerdasan?secureId=50d7e340-e15c-4ad9-9e6e-a138e5cb76a3 HTTP/1.1" 200 1236 "-" "PostmanRuntime/7.28.4"
::1 - - [05/Nov/2021:05:35:59 +0000] "POST /questions/kecerdasan HTTP/1.1" 200 30 "-" "PostmanRuntime/7.28.4"
::1 - - [05/Nov/2021:05:36:23 +0000] "POST /questions/kecerdasan HTTP/1.1" 200 30 "-" "PostmanRuntime/7.28.4"
::1 - - [05/Nov/2021:05:37:07 +0000] "POST /questions/kecerdasan HTTP/1.1" 200 30 "-" "PostmanRuntime/7.28.4"
::1 - - [05/Nov/2021:05:39:21 +0000] "POST /questions/kecerdasan HTTP/1.1" 200 30 "-" "PostmanRuntime/7.28.4"
::1 - - [05/Nov/2021:05:40:05 +0000] "POST /questions/kecerdasan HTTP/1.1" 200 30 "-" "PostmanRuntime/7.28.4"
::1 - - [05/Nov/2021:05:40:20 +0000] "POST /questions/kecerdasan HTTP/1.1" 200 30 "-" "PostmanRuntime/7.28.4"
::1 - - [05/Nov/2021:05:40:37 +0000] "POST /questions/kecerdasan HTTP/1.1" 200 30 "-" "PostmanRuntime/7.28.4"
::1 - - [05/Nov/2021:05:40:59 +0000] "GET /questions/kecerdasan?secureId=50d7e340-e15c-4ad9-9e6e-a138e5cb76a3 HTTP/1.1" 200 1245 "-" "PostmanRuntime/7.28.4"
::1 - - [05/Nov/2021:05:41:41 +0000] "POST /questions/kecerdasan HTTP/1.1" 200 30 "-" "PostmanRuntime/7.28.4"
::1 - - [05/Nov/2021:05:41:43 +0000] "GET /questions/kecerdasan?secureId=50d7e340-e15c-4ad9-9e6e-a138e5cb76a3 HTTP/1.1" 200 1259 "-" "PostmanRuntime/7.28.4"
::1 - - [05/Nov/2021:05:42:10 +0000] "GET /questions/kecerdasan?secureId=50d7e340-e15c-4ad9-9e6e-a138e5cb76a3 HTTP/1.1" 200 1259 "-" "PostmanRuntime/7.28.4"
::1 - - [05/Nov/2021:05:42:16 +0000] "GET /questions/kecerdasan?secureId=50d7e340-e15c-4ad9-9e6e-a138e5cb76a3 HTTP/1.1" 200 1259 "-" "PostmanRuntime/7.28.4"
::1 - - [05/Nov/2021:05:42:32 +0000] "GET /questions/kecerdasan?secureId=50d7e340-e15c-4ad9-9e6e-a138e5cb76a3 HTTP/1.1" 200 1259 "-" "PostmanRuntime/7.28.4"
::1 - - [05/Nov/2021:05:42:59 +0000] "POST /questions/kecerdasan HTTP/1.1" 200 30 "-" "PostmanRuntime/7.28.4"
::1 - - [05/Nov/2021:05:43:04 +0000] "POST /questions/kecerdasan HTTP/1.1" 200 30 "-" "PostmanRuntime/7.28.4"
::1 - - [05/Nov/2021:05:43:05 +0000] "POST /questions/kecerdasan HTTP/1.1" 200 30 "-" "PostmanRuntime/7.28.4"
::1 - - [05/Nov/2021:05:43:06 +0000] "POST /questions/kecerdasan HTTP/1.1" 200 30 "-" "PostmanRuntime/7.28.4"
::1 - - [05/Nov/2021:15:30:36 +0000] "GET /groups/kepribadian HTTP/1.1" 500 44 "-" "PostmanRuntime/7.28.4"
::1 - - [05/Nov/2021:15:30:42 +0000] "POST /users/login HTTP/1.1" 200 311 "-" "PostmanRuntime/7.28.4"
::1 - - [05/Nov/2021:15:30:56 +0000] "GET /groups/kepribadian HTTP/1.1" 200 348 "-" "PostmanRuntime/7.28.4"
::1 - - [05/Nov/2021:16:02:33 +0000] "GET /questions/kepribadian?secureId=50d7e340-e15c-4ad9-9e6e-a138e5cb76a3 HTTP/1.1" 200 28 "-" "PostmanRuntime/7.28.4"
::1 - - [05/Nov/2021:16:04:23 +0000] "GET /questions/kepribadian?secureId=50d7e340-e15c-4ad9-9e6e-a138e5cb76a3 HTTP/1.1" 200 28 "-" "PostmanRuntime/7.28.4"
::1 - - [05/Nov/2021:16:04:37 +0000] "GET /groups/kepribadian HTTP/1.1" 200 348 "-" "PostmanRuntime/7.28.4"
::1 - - [05/Nov/2021:16:05:07 +0000] "POST /questions/kepribadian HTTP/1.1" 200 30 "-" "PostmanRuntime/7.28.4"
::1 - - [05/Nov/2021:16:05:18 +0000] "GET /questions/kepribadian?secureId=28ecd257-8acd-475f-b3df-98c699af46ff HTTP/1.1" 200 686 "-" "PostmanRuntime/7.28.4"
::1 - - [05/Nov/2021:16:05:37 +0000] "DELETE /questions/kepribadian?secureId=28ecd257-8acd-475f-b3df-98c699af46ff HTTP/1.1" 200 30 "-" "PostmanRuntime/7.28.4"
::1 - - [05/Nov/2021:16:05:40 +0000] "GET /questions/kepribadian?secureId=28ecd257-8acd-475f-b3df-98c699af46ff HTTP/1.1" 200 686 "-" "PostmanRuntime/7.28.4"
::1 - - [05/Nov/2021:16:05:49 +0000] "DELETE /questions/kepribadian?secureId=ec7b5f35-4d55-4e2a-892f-bdd12d588ae2 HTTP/1.1" 200 30 "-" "PostmanRuntime/7.28.4"
::1 - - [05/Nov/2021:16:05:51 +0000] "GET /questions/kepribadian?secureId=28ecd257-8acd-475f-b3df-98c699af46ff HTTP/1.1" 200 28 "-" "PostmanRuntime/7.28.4"
::1 - - [05/Nov/2021:16:05:54 +0000] "POST /questions/kepribadian HTTP/1.1" 200 30 "-" "PostmanRuntime/7.28.4"
::1 - - [05/Nov/2021:16:05:58 +0000] "GET /questions/kepribadian?secureId=28ecd257-8acd-475f-b3df-98c699af46ff HTTP/1.1" 200 686 "-" "PostmanRuntime/7.28.4"
::1 - - [05/Nov/2021:16:07:14 +0000] "POST /questions/kepribadian HTTP/1.1" 200 30 "-" "PostmanRuntime/7.28.4"
::1 - - [05/Nov/2021:16:07:17 +0000] "GET /questions/kepribadian?secureId=28ecd257-8acd-475f-b3df-98c699af46ff HTTP/1.1" 200 682 "-" "PostmanRuntime/7.28.4"
::1 - - [05/Nov/2021:16:07:24 +0000] "GET /questions/kepribadian?secureId=28ecd257-8acd-475f-b3df-98c699af46ff HTTP/1.1" 200 682 "-" "PostmanRuntime/7.28.4"
::1 - - [05/Nov/2021:16:08:17 +0000] "GET /questions/kepribadian?secureId=28ecd257-8acd-475f-b3df-98c699af46ff HTTP/1.1" 200 682 "-" "PostmanRuntime/7.28.4"
::1 - - [05/Nov/2021:16:08:28 +0000] "GET /questions/kepribadian?secureId=28ecd257-8acd-475f-b3df-98c699af46ff HTTP/1.1" 200 682 "-" "PostmanRuntime/7.28.4"
